running egg_info
creating ../build/camera_ar_marker/camera_ar_marker.egg-info
writing ../build/camera_ar_marker/camera_ar_marker.egg-info/PKG-INFO
writing dependency_links to ../build/camera_ar_marker/camera_ar_marker.egg-info/dependency_links.txt
writing entry points to ../build/camera_ar_marker/camera_ar_marker.egg-info/entry_points.txt
writing requirements to ../build/camera_ar_marker/camera_ar_marker.egg-info/requires.txt
writing top-level names to ../build/camera_ar_marker/camera_ar_marker.egg-info/top_level.txt
writing manifest file '../build/camera_ar_marker/camera_ar_marker.egg-info/SOURCES.txt'
reading manifest file '../build/camera_ar_marker/camera_ar_marker.egg-info/SOURCES.txt'
writing manifest file '../build/camera_ar_marker/camera_ar_marker.egg-info/SOURCES.txt'
running build
running install
running install_data
running install_egg_info
Copying ../build/camera_ar_marker/camera_ar_marker.egg-info to /home/messi/camera_ar_marker/install/camera_ar_marker/lib/python3.10/site-packages/camera_ar_marker-0.0.0-py3.10.egg-info
running install_scripts
Installing ar_marker_subscriber script to /home/messi/camera_ar_marker/install/camera_ar_marker/lib/camera_ar_marker
Installing ar_marker_subscriber_executor script to /home/messi/camera_ar_marker/install/camera_ar_marker/lib/camera_ar_marker
Installing ar_marker_test script to /home/messi/camera_ar_marker/install/camera_ar_marker/lib/camera_ar_marker
Installing camera_fps script to /home/messi/camera_ar_marker/install/camera_ar_marker/lib/camera_ar_marker
Installing camera_publisher script to /home/messi/camera_ar_marker/install/camera_ar_marker/lib/camera_ar_marker
Installing cheese script to /home/messi/camera_ar_marker/install/camera_ar_marker/lib/camera_ar_marker
Installing cmd_vel_controller script to /home/messi/camera_ar_marker/install/camera_ar_marker/lib/camera_ar_marker
Installing cmd_vel_listener script to /home/messi/camera_ar_marker/install/camera_ar_marker/lib/camera_ar_marker
Installing compressed_fps script to /home/messi/camera_ar_marker/install/camera_ar_marker/lib/camera_ar_marker
Installing depthpoint_subscriber script to /home/messi/camera_ar_marker/install/camera_ar_marker/lib/camera_ar_marker
Installing rotate_robot script to /home/messi/camera_ar_marker/install/camera_ar_marker/lib/camera_ar_marker
Installing rotate_robot_test script to /home/messi/camera_ar_marker/install/camera_ar_marker/lib/camera_ar_marker
Installing turtlesim_rotate script to /home/messi/camera_ar_marker/install/camera_ar_marker/lib/camera_ar_marker
writing list of installed files to '/home/messi/camera_ar_marker/build/camera_ar_marker/install.log'
