[1.365s] Invoking command in '/home/messi/camera_ar_marker/src': PYTHONPATH=/home/messi/camera_ar_marker/build/camera_ar_marker/prefix_override:/usr/lib/python3/dist-packages/colcon_core/task/python/colcon_distutils_commands:/home/messi/camera_ar_marker/install/camera_ar_marker/lib/python3.10/site-packages:${PYTHONPATH} /usr/bin/python3 -W ignore:setup.py install is deprecated setup.py egg_info --egg-base ../build/camera_ar_marker build --build-base /home/messi/camera_ar_marker/build/camera_ar_marker/build install --record /home/messi/camera_ar_marker/build/camera_ar_marker/install.log --single-version-externally-managed install_data
[1.851s] running egg_info
[1.851s] writing ../build/camera_ar_marker/camera_ar_marker.egg-info/PKG-INFO
[1.851s] writing dependency_links to ../build/camera_ar_marker/camera_ar_marker.egg-info/dependency_links.txt
[1.852s] writing entry points to ../build/camera_ar_marker/camera_ar_marker.egg-info/entry_points.txt
[1.852s] writing requirements to ../build/camera_ar_marker/camera_ar_marker.egg-info/requires.txt
[1.852s] writing top-level names to ../build/camera_ar_marker/camera_ar_marker.egg-info/top_level.txt
[1.854s] reading manifest file '../build/camera_ar_marker/camera_ar_marker.egg-info/SOURCES.txt'
[1.856s] writing manifest file '../build/camera_ar_marker/camera_ar_marker.egg-info/SOURCES.txt'
[1.856s] running build
[1.856s] running build_py
[1.857s] copying camera_ar_marker/rotate_robot.py -> /home/messi/camera_ar_marker/build/camera_ar_marker/build/lib/camera_ar_marker
[1.858s] running install
[1.858s] running install_lib
[1.860s] copying /home/messi/camera_ar_marker/build/camera_ar_marker/build/lib/camera_ar_marker/rotate_robot.py -> /home/messi/camera_ar_marker/install/camera_ar_marker/lib/python3.10/site-packages/camera_ar_marker
[1.861s] byte-compiling /home/messi/camera_ar_marker/install/camera_ar_marker/lib/python3.10/site-packages/camera_ar_marker/rotate_robot.py to rotate_robot.cpython-310.pyc
[1.864s] running install_data
[1.864s] running install_egg_info
[1.867s] removing '/home/messi/camera_ar_marker/install/camera_ar_marker/lib/python3.10/site-packages/camera_ar_marker-0.0.0-py3.10.egg-info' (and everything under it)
[1.867s] Copying ../build/camera_ar_marker/camera_ar_marker.egg-info to /home/messi/camera_ar_marker/install/camera_ar_marker/lib/python3.10/site-packages/camera_ar_marker-0.0.0-py3.10.egg-info
[1.869s] running install_scripts
[1.901s] Installing ar_marker_subscriber script to /home/messi/camera_ar_marker/install/camera_ar_marker/lib/camera_ar_marker
[1.901s] Installing ar_marker_subscriber_executor script to /home/messi/camera_ar_marker/install/camera_ar_marker/lib/camera_ar_marker
[1.902s] Installing ar_marker_test script to /home/messi/camera_ar_marker/install/camera_ar_marker/lib/camera_ar_marker
[1.902s] Installing camera_fps script to /home/messi/camera_ar_marker/install/camera_ar_marker/lib/camera_ar_marker
[1.902s] Installing camera_publisher script to /home/messi/camera_ar_marker/install/camera_ar_marker/lib/camera_ar_marker
[1.902s] Installing cheese script to /home/messi/camera_ar_marker/install/camera_ar_marker/lib/camera_ar_marker
[1.903s] Installing cmd_vel_controller script to /home/messi/camera_ar_marker/install/camera_ar_marker/lib/camera_ar_marker
[1.903s] Installing cmd_vel_listener script to /home/messi/camera_ar_marker/install/camera_ar_marker/lib/camera_ar_marker
[1.903s] Installing compressed_fps script to /home/messi/camera_ar_marker/install/camera_ar_marker/lib/camera_ar_marker
[1.903s] Installing depthpoint_subscriber script to /home/messi/camera_ar_marker/install/camera_ar_marker/lib/camera_ar_marker
[1.903s] Installing rotate_robot script to /home/messi/camera_ar_marker/install/camera_ar_marker/lib/camera_ar_marker
[1.903s] Installing rotate_robot_test script to /home/messi/camera_ar_marker/install/camera_ar_marker/lib/camera_ar_marker
[1.904s] Installing turtlesim_rotate script to /home/messi/camera_ar_marker/install/camera_ar_marker/lib/camera_ar_marker
[1.905s] writing list of installed files to '/home/messi/camera_ar_marker/build/camera_ar_marker/install.log'
[1.947s] Invoked command in '/home/messi/camera_ar_marker/src' returned '0': PYTHONPATH=/home/messi/camera_ar_marker/build/camera_ar_marker/prefix_override:/usr/lib/python3/dist-packages/colcon_core/task/python/colcon_distutils_commands:/home/messi/camera_ar_marker/install/camera_ar_marker/lib/python3.10/site-packages:${PYTHONPATH} /usr/bin/python3 -W ignore:setup.py install is deprecated setup.py egg_info --egg-base ../build/camera_ar_marker build --build-base /home/messi/camera_ar_marker/build/camera_ar_marker/build install --record /home/messi/camera_ar_marker/build/camera_ar_marker/install.log --single-version-externally-managed install_data
