/home/messi/camera_ar_marker/install/camera_ar_marker/lib/python3.10/site-packages/camera_ar_marker/cmd_vel_listener.py
/home/messi/camera_ar_marker/install/camera_ar_marker/lib/python3.10/site-packages/camera_ar_marker/ar_marker_subscriber.py
/home/messi/camera_ar_marker/install/camera_ar_marker/lib/python3.10/site-packages/camera_ar_marker/test.py
/home/messi/camera_ar_marker/install/camera_ar_marker/lib/python3.10/site-packages/camera_ar_marker/ar_marker_distance_webcam.py
/home/messi/camera_ar_marker/install/camera_ar_marker/lib/python3.10/site-packages/camera_ar_marker/camera_publisher.py
/home/messi/camera_ar_marker/install/camera_ar_marker/lib/python3.10/site-packages/camera_ar_marker/compressed_fps.py
/home/messi/camera_ar_marker/install/camera_ar_marker/lib/python3.10/site-packages/camera_ar_marker/turtlesim_rotate.py
/home/messi/camera_ar_marker/install/camera_ar_marker/lib/python3.10/site-packages/camera_ar_marker/ar_marker_subscriber_executor.py
/home/messi/camera_ar_marker/install/camera_ar_marker/lib/python3.10/site-packages/camera_ar_marker/ar_marker_distance_webcam_kalman.py
/home/messi/camera_ar_marker/install/camera_ar_marker/lib/python3.10/site-packages/camera_ar_marker/__init__.py
/home/messi/camera_ar_marker/install/camera_ar_marker/lib/python3.10/site-packages/camera_ar_marker/depthpoint_subscriber.py
/home/messi/camera_ar_marker/install/camera_ar_marker/lib/python3.10/site-packages/camera_ar_marker/image_publisher.py
/home/messi/camera_ar_marker/install/camera_ar_marker/lib/python3.10/site-packages/camera_ar_marker/calibration.py
/home/messi/camera_ar_marker/install/camera_ar_marker/lib/python3.10/site-packages/camera_ar_marker/camera_fps.py
/home/messi/camera_ar_marker/install/camera_ar_marker/lib/python3.10/site-packages/camera_ar_marker/ar_marker_test.py
/home/messi/camera_ar_marker/install/camera_ar_marker/lib/python3.10/site-packages/camera_ar_marker/cheese.py
/home/messi/camera_ar_marker/install/camera_ar_marker/lib/python3.10/site-packages/camera_ar_marker/test_ar_marker_subscriber.py
/home/messi/camera_ar_marker/install/camera_ar_marker/lib/python3.10/site-packages/camera_ar_marker/cmd_vel_controller.py
/home/messi/camera_ar_marker/install/camera_ar_marker/lib/python3.10/site-packages/camera_ar_marker/ar_marker_subscriber_mfilter.py
/home/messi/camera_ar_marker/install/camera_ar_marker/lib/python3.10/site-packages/camera_ar_marker/rotate_robot.py
/home/messi/camera_ar_marker/install/camera_ar_marker/lib/python3.10/site-packages/camera_ar_marker/rotate_robot_test.py
/home/messi/camera_ar_marker/install/camera_ar_marker/lib/python3.10/site-packages/camera_ar_marker/__pycache__/cmd_vel_listener.cpython-310.pyc
/home/messi/camera_ar_marker/install/camera_ar_marker/lib/python3.10/site-packages/camera_ar_marker/__pycache__/ar_marker_subscriber.cpython-310.pyc
/home/messi/camera_ar_marker/install/camera_ar_marker/lib/python3.10/site-packages/camera_ar_marker/__pycache__/test.cpython-310.pyc
/home/messi/camera_ar_marker/install/camera_ar_marker/lib/python3.10/site-packages/camera_ar_marker/__pycache__/ar_marker_distance_webcam.cpython-310.pyc
/home/messi/camera_ar_marker/install/camera_ar_marker/lib/python3.10/site-packages/camera_ar_marker/__pycache__/camera_publisher.cpython-310.pyc
/home/messi/camera_ar_marker/install/camera_ar_marker/lib/python3.10/site-packages/camera_ar_marker/__pycache__/compressed_fps.cpython-310.pyc
/home/messi/camera_ar_marker/install/camera_ar_marker/lib/python3.10/site-packages/camera_ar_marker/__pycache__/turtlesim_rotate.cpython-310.pyc
/home/messi/camera_ar_marker/install/camera_ar_marker/lib/python3.10/site-packages/camera_ar_marker/__pycache__/ar_marker_subscriber_executor.cpython-310.pyc
/home/messi/camera_ar_marker/install/camera_ar_marker/lib/python3.10/site-packages/camera_ar_marker/__pycache__/ar_marker_distance_webcam_kalman.cpython-310.pyc
/home/messi/camera_ar_marker/install/camera_ar_marker/lib/python3.10/site-packages/camera_ar_marker/__pycache__/__init__.cpython-310.pyc
/home/messi/camera_ar_marker/install/camera_ar_marker/lib/python3.10/site-packages/camera_ar_marker/__pycache__/depthpoint_subscriber.cpython-310.pyc
/home/messi/camera_ar_marker/install/camera_ar_marker/lib/python3.10/site-packages/camera_ar_marker/__pycache__/image_publisher.cpython-310.pyc
/home/messi/camera_ar_marker/install/camera_ar_marker/lib/python3.10/site-packages/camera_ar_marker/__pycache__/calibration.cpython-310.pyc
/home/messi/camera_ar_marker/install/camera_ar_marker/lib/python3.10/site-packages/camera_ar_marker/__pycache__/camera_fps.cpython-310.pyc
/home/messi/camera_ar_marker/install/camera_ar_marker/lib/python3.10/site-packages/camera_ar_marker/__pycache__/ar_marker_test.cpython-310.pyc
/home/messi/camera_ar_marker/install/camera_ar_marker/lib/python3.10/site-packages/camera_ar_marker/__pycache__/cheese.cpython-310.pyc
/home/messi/camera_ar_marker/install/camera_ar_marker/lib/python3.10/site-packages/camera_ar_marker/__pycache__/test_ar_marker_subscriber.cpython-310.pyc
/home/messi/camera_ar_marker/install/camera_ar_marker/lib/python3.10/site-packages/camera_ar_marker/__pycache__/cmd_vel_controller.cpython-310.pyc
/home/messi/camera_ar_marker/install/camera_ar_marker/lib/python3.10/site-packages/camera_ar_marker/__pycache__/ar_marker_subscriber_mfilter.cpython-310.pyc
/home/messi/camera_ar_marker/install/camera_ar_marker/lib/python3.10/site-packages/camera_ar_marker/__pycache__/rotate_robot.cpython-310.pyc
/home/messi/camera_ar_marker/install/camera_ar_marker/lib/python3.10/site-packages/camera_ar_marker/__pycache__/rotate_robot_test.cpython-310.pyc
/home/messi/camera_ar_marker/install/camera_ar_marker/share/ament_index/resource_index/packages/camera_ar_marker
/home/messi/camera_ar_marker/install/camera_ar_marker/share/camera_ar_marker/package.xml
/home/messi/camera_ar_marker/install/camera_ar_marker/lib/python3.10/site-packages/camera_ar_marker-0.0.0-py3.10.egg-info/requires.txt
/home/messi/camera_ar_marker/install/camera_ar_marker/lib/python3.10/site-packages/camera_ar_marker-0.0.0-py3.10.egg-info/PKG-INFO
/home/messi/camera_ar_marker/install/camera_ar_marker/lib/python3.10/site-packages/camera_ar_marker-0.0.0-py3.10.egg-info/zip-safe
/home/messi/camera_ar_marker/install/camera_ar_marker/lib/python3.10/site-packages/camera_ar_marker-0.0.0-py3.10.egg-info/top_level.txt
/home/messi/camera_ar_marker/install/camera_ar_marker/lib/python3.10/site-packages/camera_ar_marker-0.0.0-py3.10.egg-info/SOURCES.txt
/home/messi/camera_ar_marker/install/camera_ar_marker/lib/python3.10/site-packages/camera_ar_marker-0.0.0-py3.10.egg-info/dependency_links.txt
/home/messi/camera_ar_marker/install/camera_ar_marker/lib/python3.10/site-packages/camera_ar_marker-0.0.0-py3.10.egg-info/entry_points.txt
/home/messi/camera_ar_marker/install/camera_ar_marker/lib/camera_ar_marker/ar_marker_subscriber
/home/messi/camera_ar_marker/install/camera_ar_marker/lib/camera_ar_marker/ar_marker_subscriber_executor
/home/messi/camera_ar_marker/install/camera_ar_marker/lib/camera_ar_marker/ar_marker_test
/home/messi/camera_ar_marker/install/camera_ar_marker/lib/camera_ar_marker/camera_fps
/home/messi/camera_ar_marker/install/camera_ar_marker/lib/camera_ar_marker/camera_publisher
/home/messi/camera_ar_marker/install/camera_ar_marker/lib/camera_ar_marker/cheese
/home/messi/camera_ar_marker/install/camera_ar_marker/lib/camera_ar_marker/cmd_vel_controller
/home/messi/camera_ar_marker/install/camera_ar_marker/lib/camera_ar_marker/cmd_vel_listener
/home/messi/camera_ar_marker/install/camera_ar_marker/lib/camera_ar_marker/compressed_fps
/home/messi/camera_ar_marker/install/camera_ar_marker/lib/camera_ar_marker/depthpoint_subscriber
/home/messi/camera_ar_marker/install/camera_ar_marker/lib/camera_ar_marker/rotate_robot
/home/messi/camera_ar_marker/install/camera_ar_marker/lib/camera_ar_marker/rotate_robot_test
/home/messi/camera_ar_marker/install/camera_ar_marker/lib/camera_ar_marker/turtlesim_rotate
