[0.477s] Invoking command in '/home/messi/camera_ar_marker/src': PYTHONPATH=/home/messi/camera_ar_marker/build/camera_ar_marker/prefix_override:/usr/lib/python3/dist-packages/colcon_core/task/python/colcon_distutils_commands:/home/messi/camera_ar_marker/install/camera_ar_marker/lib/python3.10/site-packages:${PYTHONPATH} /usr/bin/python3 -W ignore:setup.py install is deprecated setup.py egg_info --egg-base ../build/camera_ar_marker build --build-base /home/messi/camera_ar_marker/build/camera_ar_marker/build install --record /home/messi/camera_ar_marker/build/camera_ar_marker/install.log --single-version-externally-managed install_data
[0.663s] running egg_info
[0.663s] writing ../build/camera_ar_marker/camera_ar_marker.egg-info/PKG-INFO
[0.663s] writing dependency_links to ../build/camera_ar_marker/camera_ar_marker.egg-info/dependency_links.txt
[0.663s] writing entry points to ../build/camera_ar_marker/camera_ar_marker.egg-info/entry_points.txt
[0.663s] writing requirements to ../build/camera_ar_marker/camera_ar_marker.egg-info/requires.txt
[0.664s] writing top-level names to ../build/camera_ar_marker/camera_ar_marker.egg-info/top_level.txt
[0.665s] reading manifest file '../build/camera_ar_marker/camera_ar_marker.egg-info/SOURCES.txt'
[0.665s] writing manifest file '../build/camera_ar_marker/camera_ar_marker.egg-info/SOURCES.txt'
[0.665s] running build
[0.665s] running build_py
[0.666s] creating /home/messi/camera_ar_marker/build/camera_ar_marker/build
[0.666s] creating /home/messi/camera_ar_marker/build/camera_ar_marker/build/lib
[0.666s] creating /home/messi/camera_ar_marker/build/camera_ar_marker/build/lib/camera_ar_marker
[0.666s] copying camera_ar_marker/cmd_vel_listener.py -> /home/messi/camera_ar_marker/build/camera_ar_marker/build/lib/camera_ar_marker
[0.666s] copying camera_ar_marker/ar_marker_subscriber.py -> /home/messi/camera_ar_marker/build/camera_ar_marker/build/lib/camera_ar_marker
[0.666s] copying camera_ar_marker/test.py -> /home/messi/camera_ar_marker/build/camera_ar_marker/build/lib/camera_ar_marker
[0.666s] copying camera_ar_marker/ar_marker_distance_webcam.py -> /home/messi/camera_ar_marker/build/camera_ar_marker/build/lib/camera_ar_marker
[0.666s] copying camera_ar_marker/camera_publisher.py -> /home/messi/camera_ar_marker/build/camera_ar_marker/build/lib/camera_ar_marker
[0.666s] copying camera_ar_marker/compressed_fps.py -> /home/messi/camera_ar_marker/build/camera_ar_marker/build/lib/camera_ar_marker
[0.667s] copying camera_ar_marker/turtlesim_rotate.py -> /home/messi/camera_ar_marker/build/camera_ar_marker/build/lib/camera_ar_marker
[0.667s] copying camera_ar_marker/ar_marker_subscriber_executor.py -> /home/messi/camera_ar_marker/build/camera_ar_marker/build/lib/camera_ar_marker
[0.667s] copying camera_ar_marker/ar_marker_distance_webcam_kalman.py -> /home/messi/camera_ar_marker/build/camera_ar_marker/build/lib/camera_ar_marker
[0.667s] copying camera_ar_marker/__init__.py -> /home/messi/camera_ar_marker/build/camera_ar_marker/build/lib/camera_ar_marker
[0.667s] copying camera_ar_marker/depthpoint_subscriber.py -> /home/messi/camera_ar_marker/build/camera_ar_marker/build/lib/camera_ar_marker
[0.667s] copying camera_ar_marker/image_publisher.py -> /home/messi/camera_ar_marker/build/camera_ar_marker/build/lib/camera_ar_marker
[0.667s] copying camera_ar_marker/calibration.py -> /home/messi/camera_ar_marker/build/camera_ar_marker/build/lib/camera_ar_marker
[0.667s] copying camera_ar_marker/camera_fps.py -> /home/messi/camera_ar_marker/build/camera_ar_marker/build/lib/camera_ar_marker
[0.667s] copying camera_ar_marker/ar_marker_test.py -> /home/messi/camera_ar_marker/build/camera_ar_marker/build/lib/camera_ar_marker
[0.667s] copying camera_ar_marker/cheese.py -> /home/messi/camera_ar_marker/build/camera_ar_marker/build/lib/camera_ar_marker
[0.667s] copying camera_ar_marker/test_ar_marker_subscriber.py -> /home/messi/camera_ar_marker/build/camera_ar_marker/build/lib/camera_ar_marker
[0.667s] copying camera_ar_marker/cmd_vel_controller.py -> /home/messi/camera_ar_marker/build/camera_ar_marker/build/lib/camera_ar_marker
[0.667s] copying camera_ar_marker/ar_marker_subscriber_mfilter.py -> /home/messi/camera_ar_marker/build/camera_ar_marker/build/lib/camera_ar_marker
[0.667s] copying camera_ar_marker/rotate_robot.py -> /home/messi/camera_ar_marker/build/camera_ar_marker/build/lib/camera_ar_marker
[0.667s] copying camera_ar_marker/rotate_robot_test.py -> /home/messi/camera_ar_marker/build/camera_ar_marker/build/lib/camera_ar_marker
[0.667s] running install
[0.668s] running install_lib
[0.668s] creating /home/messi/camera_ar_marker/install/camera_ar_marker/lib/python3.10/site-packages/camera_ar_marker
[0.668s] copying /home/messi/camera_ar_marker/build/camera_ar_marker/build/lib/camera_ar_marker/cmd_vel_listener.py -> /home/messi/camera_ar_marker/install/camera_ar_marker/lib/python3.10/site-packages/camera_ar_marker
[0.668s] copying /home/messi/camera_ar_marker/build/camera_ar_marker/build/lib/camera_ar_marker/ar_marker_subscriber.py -> /home/messi/camera_ar_marker/install/camera_ar_marker/lib/python3.10/site-packages/camera_ar_marker
[0.668s] copying /home/messi/camera_ar_marker/build/camera_ar_marker/build/lib/camera_ar_marker/test.py -> /home/messi/camera_ar_marker/install/camera_ar_marker/lib/python3.10/site-packages/camera_ar_marker
[0.668s] copying /home/messi/camera_ar_marker/build/camera_ar_marker/build/lib/camera_ar_marker/ar_marker_distance_webcam.py -> /home/messi/camera_ar_marker/install/camera_ar_marker/lib/python3.10/site-packages/camera_ar_marker
[0.668s] copying /home/messi/camera_ar_marker/build/camera_ar_marker/build/lib/camera_ar_marker/camera_publisher.py -> /home/messi/camera_ar_marker/install/camera_ar_marker/lib/python3.10/site-packages/camera_ar_marker
[0.668s] copying /home/messi/camera_ar_marker/build/camera_ar_marker/build/lib/camera_ar_marker/compressed_fps.py -> /home/messi/camera_ar_marker/install/camera_ar_marker/lib/python3.10/site-packages/camera_ar_marker
[0.668s] copying /home/messi/camera_ar_marker/build/camera_ar_marker/build/lib/camera_ar_marker/turtlesim_rotate.py -> /home/messi/camera_ar_marker/install/camera_ar_marker/lib/python3.10/site-packages/camera_ar_marker
[0.669s] copying /home/messi/camera_ar_marker/build/camera_ar_marker/build/lib/camera_ar_marker/ar_marker_subscriber_executor.py -> /home/messi/camera_ar_marker/install/camera_ar_marker/lib/python3.10/site-packages/camera_ar_marker
[0.669s] copying /home/messi/camera_ar_marker/build/camera_ar_marker/build/lib/camera_ar_marker/ar_marker_distance_webcam_kalman.py -> /home/messi/camera_ar_marker/install/camera_ar_marker/lib/python3.10/site-packages/camera_ar_marker
[0.669s] copying /home/messi/camera_ar_marker/build/camera_ar_marker/build/lib/camera_ar_marker/__init__.py -> /home/messi/camera_ar_marker/install/camera_ar_marker/lib/python3.10/site-packages/camera_ar_marker
[0.669s] copying /home/messi/camera_ar_marker/build/camera_ar_marker/build/lib/camera_ar_marker/depthpoint_subscriber.py -> /home/messi/camera_ar_marker/install/camera_ar_marker/lib/python3.10/site-packages/camera_ar_marker
[0.669s] copying /home/messi/camera_ar_marker/build/camera_ar_marker/build/lib/camera_ar_marker/image_publisher.py -> /home/messi/camera_ar_marker/install/camera_ar_marker/lib/python3.10/site-packages/camera_ar_marker
[0.669s] copying /home/messi/camera_ar_marker/build/camera_ar_marker/build/lib/camera_ar_marker/calibration.py -> /home/messi/camera_ar_marker/install/camera_ar_marker/lib/python3.10/site-packages/camera_ar_marker
[0.669s] copying /home/messi/camera_ar_marker/build/camera_ar_marker/build/lib/camera_ar_marker/camera_fps.py -> /home/messi/camera_ar_marker/install/camera_ar_marker/lib/python3.10/site-packages/camera_ar_marker
[0.669s] copying /home/messi/camera_ar_marker/build/camera_ar_marker/build/lib/camera_ar_marker/ar_marker_test.py -> /home/messi/camera_ar_marker/install/camera_ar_marker/lib/python3.10/site-packages/camera_ar_marker
[0.669s] copying /home/messi/camera_ar_marker/build/camera_ar_marker/build/lib/camera_ar_marker/cheese.py -> /home/messi/camera_ar_marker/install/camera_ar_marker/lib/python3.10/site-packages/camera_ar_marker
[0.669s] copying /home/messi/camera_ar_marker/build/camera_ar_marker/build/lib/camera_ar_marker/test_ar_marker_subscriber.py -> /home/messi/camera_ar_marker/install/camera_ar_marker/lib/python3.10/site-packages/camera_ar_marker
[0.669s] copying /home/messi/camera_ar_marker/build/camera_ar_marker/build/lib/camera_ar_marker/cmd_vel_controller.py -> /home/messi/camera_ar_marker/install/camera_ar_marker/lib/python3.10/site-packages/camera_ar_marker
[0.669s] copying /home/messi/camera_ar_marker/build/camera_ar_marker/build/lib/camera_ar_marker/ar_marker_subscriber_mfilter.py -> /home/messi/camera_ar_marker/install/camera_ar_marker/lib/python3.10/site-packages/camera_ar_marker
[0.669s] copying /home/messi/camera_ar_marker/build/camera_ar_marker/build/lib/camera_ar_marker/rotate_robot.py -> /home/messi/camera_ar_marker/install/camera_ar_marker/lib/python3.10/site-packages/camera_ar_marker
[0.669s] copying /home/messi/camera_ar_marker/build/camera_ar_marker/build/lib/camera_ar_marker/rotate_robot_test.py -> /home/messi/camera_ar_marker/install/camera_ar_marker/lib/python3.10/site-packages/camera_ar_marker
[0.670s] byte-compiling /home/messi/camera_ar_marker/install/camera_ar_marker/lib/python3.10/site-packages/camera_ar_marker/cmd_vel_listener.py to cmd_vel_listener.cpython-310.pyc
[0.670s] byte-compiling /home/messi/camera_ar_marker/install/camera_ar_marker/lib/python3.10/site-packages/camera_ar_marker/ar_marker_subscriber.py to ar_marker_subscriber.cpython-310.pyc
[0.671s] byte-compiling /home/messi/camera_ar_marker/install/camera_ar_marker/lib/python3.10/site-packages/camera_ar_marker/test.py to test.cpython-310.pyc
[0.671s] byte-compiling /home/messi/camera_ar_marker/install/camera_ar_marker/lib/python3.10/site-packages/camera_ar_marker/ar_marker_distance_webcam.py to ar_marker_distance_webcam.cpython-310.pyc
[0.671s] byte-compiling /home/messi/camera_ar_marker/install/camera_ar_marker/lib/python3.10/site-packages/camera_ar_marker/camera_publisher.py to camera_publisher.cpython-310.pyc
[0.672s] byte-compiling /home/messi/camera_ar_marker/install/camera_ar_marker/lib/python3.10/site-packages/camera_ar_marker/compressed_fps.py to compressed_fps.cpython-310.pyc
[0.672s] byte-compiling /home/messi/camera_ar_marker/install/camera_ar_marker/lib/python3.10/site-packages/camera_ar_marker/turtlesim_rotate.py to turtlesim_rotate.cpython-310.pyc
[0.672s] byte-compiling /home/messi/camera_ar_marker/install/camera_ar_marker/lib/python3.10/site-packages/camera_ar_marker/ar_marker_subscriber_executor.py to ar_marker_subscriber_executor.cpython-310.pyc
[0.672s] byte-compiling /home/messi/camera_ar_marker/install/camera_ar_marker/lib/python3.10/site-packages/camera_ar_marker/ar_marker_distance_webcam_kalman.py to ar_marker_distance_webcam_kalman.cpython-310.pyc
[0.673s] byte-compiling /home/messi/camera_ar_marker/install/camera_ar_marker/lib/python3.10/site-packages/camera_ar_marker/__init__.py to __init__.cpython-310.pyc
[0.673s] byte-compiling /home/messi/camera_ar_marker/install/camera_ar_marker/lib/python3.10/site-packages/camera_ar_marker/depthpoint_subscriber.py to depthpoint_subscriber.cpython-310.pyc
[0.673s] byte-compiling /home/messi/camera_ar_marker/install/camera_ar_marker/lib/python3.10/site-packages/camera_ar_marker/image_publisher.py to image_publisher.cpython-310.pyc
[0.674s] byte-compiling /home/messi/camera_ar_marker/install/camera_ar_marker/lib/python3.10/site-packages/camera_ar_marker/calibration.py to calibration.cpython-310.pyc
[0.674s] byte-compiling /home/messi/camera_ar_marker/install/camera_ar_marker/lib/python3.10/site-packages/camera_ar_marker/camera_fps.py to camera_fps.cpython-310.pyc
[0.674s] byte-compiling /home/messi/camera_ar_marker/install/camera_ar_marker/lib/python3.10/site-packages/camera_ar_marker/ar_marker_test.py to ar_marker_test.cpython-310.pyc
[0.675s] byte-compiling /home/messi/camera_ar_marker/install/camera_ar_marker/lib/python3.10/site-packages/camera_ar_marker/cheese.py to cheese.cpython-310.pyc
[0.675s] byte-compiling /home/messi/camera_ar_marker/install/camera_ar_marker/lib/python3.10/site-packages/camera_ar_marker/test_ar_marker_subscriber.py to test_ar_marker_subscriber.cpython-310.pyc
[0.675s] byte-compiling /home/messi/camera_ar_marker/install/camera_ar_marker/lib/python3.10/site-packages/camera_ar_marker/cmd_vel_controller.py to cmd_vel_controller.cpython-310.pyc
[0.675s] byte-compiling /home/messi/camera_ar_marker/install/camera_ar_marker/lib/python3.10/site-packages/camera_ar_marker/ar_marker_subscriber_mfilter.py to ar_marker_subscriber_mfilter.cpython-310.pyc
[0.676s] byte-compiling /home/messi/camera_ar_marker/install/camera_ar_marker/lib/python3.10/site-packages/camera_ar_marker/rotate_robot.py to rotate_robot.cpython-310.pyc
[0.676s] byte-compiling /home/messi/camera_ar_marker/install/camera_ar_marker/lib/python3.10/site-packages/camera_ar_marker/rotate_robot_test.py to rotate_robot_test.cpython-310.pyc
[0.676s] running install_data
[0.676s] running install_egg_info
[0.678s] removing '/home/messi/camera_ar_marker/install/camera_ar_marker/lib/python3.10/site-packages/camera_ar_marker-0.0.0-py3.10.egg-info' (and everything under it)
[0.678s] Copying ../build/camera_ar_marker/camera_ar_marker.egg-info to /home/messi/camera_ar_marker/install/camera_ar_marker/lib/python3.10/site-packages/camera_ar_marker-0.0.0-py3.10.egg-info
[0.678s] running install_scripts
[0.692s] Installing ar_marker_subscriber script to /home/messi/camera_ar_marker/install/camera_ar_marker/lib/camera_ar_marker
[0.692s] Installing ar_marker_subscriber_executor script to /home/messi/camera_ar_marker/install/camera_ar_marker/lib/camera_ar_marker
[0.693s] Installing ar_marker_test script to /home/messi/camera_ar_marker/install/camera_ar_marker/lib/camera_ar_marker
[0.693s] Installing camera_fps script to /home/messi/camera_ar_marker/install/camera_ar_marker/lib/camera_ar_marker
[0.693s] Installing camera_publisher script to /home/messi/camera_ar_marker/install/camera_ar_marker/lib/camera_ar_marker
[0.693s] Installing cheese script to /home/messi/camera_ar_marker/install/camera_ar_marker/lib/camera_ar_marker
[0.693s] Installing cmd_vel_controller script to /home/messi/camera_ar_marker/install/camera_ar_marker/lib/camera_ar_marker
[0.693s] Installing cmd_vel_listener script to /home/messi/camera_ar_marker/install/camera_ar_marker/lib/camera_ar_marker
[0.693s] Installing compressed_fps script to /home/messi/camera_ar_marker/install/camera_ar_marker/lib/camera_ar_marker
[0.693s] Installing depthpoint_subscriber script to /home/messi/camera_ar_marker/install/camera_ar_marker/lib/camera_ar_marker
[0.693s] Installing rotate_robot script to /home/messi/camera_ar_marker/install/camera_ar_marker/lib/camera_ar_marker
[0.693s] Installing rotate_robot_test script to /home/messi/camera_ar_marker/install/camera_ar_marker/lib/camera_ar_marker
[0.693s] Installing turtlesim_rotate script to /home/messi/camera_ar_marker/install/camera_ar_marker/lib/camera_ar_marker
[0.694s] writing list of installed files to '/home/messi/camera_ar_marker/build/camera_ar_marker/install.log'
[0.712s] Invoked command in '/home/messi/camera_ar_marker/src' returned '0': PYTHONPATH=/home/messi/camera_ar_marker/build/camera_ar_marker/prefix_override:/usr/lib/python3/dist-packages/colcon_core/task/python/colcon_distutils_commands:/home/messi/camera_ar_marker/install/camera_ar_marker/lib/python3.10/site-packages:${PYTHONPATH} /usr/bin/python3 -W ignore:setup.py install is deprecated setup.py egg_info --egg-base ../build/camera_ar_marker build --build-base /home/messi/camera_ar_marker/build/camera_ar_marker/build install --record /home/messi/camera_ar_marker/build/camera_ar_marker/install.log --single-version-externally-managed install_data
