[0.596s] Invoking command in '/home/messi/camera_ar_marker/src': PYTHONPATH=/home/messi/camera_ar_marker/build/camera_ar_marker/prefix_override:/usr/lib/python3/dist-packages/colcon_core/task/python/colcon_distutils_commands:/home/messi/camera_ar_marker/install/camera_ar_marker/lib/python3.10/site-packages:${PYTHONPATH} /usr/bin/python3 -W ignore:setup.py install is deprecated setup.py egg_info --egg-base ../build/camera_ar_marker build --build-base /home/messi/camera_ar_marker/build/camera_ar_marker/build install --record /home/messi/camera_ar_marker/build/camera_ar_marker/install.log --single-version-externally-managed install_data
[0.787s] running egg_info
[0.787s] writing ../build/camera_ar_marker/camera_ar_marker.egg-info/PKG-INFO
[0.787s] writing dependency_links to ../build/camera_ar_marker/camera_ar_marker.egg-info/dependency_links.txt
[0.787s] writing entry points to ../build/camera_ar_marker/camera_ar_marker.egg-info/entry_points.txt
[0.787s] writing requirements to ../build/camera_ar_marker/camera_ar_marker.egg-info/requires.txt
[0.787s] writing top-level names to ../build/camera_ar_marker/camera_ar_marker.egg-info/top_level.txt
[0.788s] reading manifest file '../build/camera_ar_marker/camera_ar_marker.egg-info/SOURCES.txt'
[0.790s] writing manifest file '../build/camera_ar_marker/camera_ar_marker.egg-info/SOURCES.txt'
[0.790s] running build
[0.790s] running build_py
[0.790s] copying camera_ar_marker/ar_marker_test.py -> /home/messi/camera_ar_marker/build/camera_ar_marker/build/lib/camera_ar_marker
[0.791s] running install
[0.791s] running install_lib
[0.791s] copying /home/messi/camera_ar_marker/build/camera_ar_marker/build/lib/camera_ar_marker/ar_marker_test.py -> /home/messi/camera_ar_marker/install/camera_ar_marker/lib/python3.10/site-packages/camera_ar_marker
[0.792s] byte-compiling /home/messi/camera_ar_marker/install/camera_ar_marker/lib/python3.10/site-packages/camera_ar_marker/ar_marker_test.py to ar_marker_test.cpython-310.pyc
[0.793s] running install_data
[0.793s] running install_egg_info
[0.794s] removing '/home/messi/camera_ar_marker/install/camera_ar_marker/lib/python3.10/site-packages/camera_ar_marker-0.0.0-py3.10.egg-info' (and everything under it)
[0.794s] Copying ../build/camera_ar_marker/camera_ar_marker.egg-info to /home/messi/camera_ar_marker/install/camera_ar_marker/lib/python3.10/site-packages/camera_ar_marker-0.0.0-py3.10.egg-info
[0.795s] running install_scripts
[0.810s] Installing ar_marker_subscriber script to /home/messi/camera_ar_marker/install/camera_ar_marker/lib/camera_ar_marker
[0.810s] Installing ar_marker_subscriber_executor script to /home/messi/camera_ar_marker/install/camera_ar_marker/lib/camera_ar_marker
[0.810s] Installing ar_marker_test script to /home/messi/camera_ar_marker/install/camera_ar_marker/lib/camera_ar_marker
[0.810s] Installing camera_fps script to /home/messi/camera_ar_marker/install/camera_ar_marker/lib/camera_ar_marker
[0.810s] Installing camera_publisher script to /home/messi/camera_ar_marker/install/camera_ar_marker/lib/camera_ar_marker
[0.810s] Installing cheese script to /home/messi/camera_ar_marker/install/camera_ar_marker/lib/camera_ar_marker
[0.810s] Installing cmd_vel_controller script to /home/messi/camera_ar_marker/install/camera_ar_marker/lib/camera_ar_marker
[0.810s] Installing cmd_vel_listener script to /home/messi/camera_ar_marker/install/camera_ar_marker/lib/camera_ar_marker
[0.811s] Installing compressed_fps script to /home/messi/camera_ar_marker/install/camera_ar_marker/lib/camera_ar_marker
[0.811s] Installing depthpoint_subscriber script to /home/messi/camera_ar_marker/install/camera_ar_marker/lib/camera_ar_marker
[0.811s] Installing rotate_robot script to /home/messi/camera_ar_marker/install/camera_ar_marker/lib/camera_ar_marker
[0.811s] Installing rotate_robot_test script to /home/messi/camera_ar_marker/install/camera_ar_marker/lib/camera_ar_marker
[0.811s] Installing turtlesim_rotate script to /home/messi/camera_ar_marker/install/camera_ar_marker/lib/camera_ar_marker
[0.811s] writing list of installed files to '/home/messi/camera_ar_marker/build/camera_ar_marker/install.log'
[0.830s] Invoked command in '/home/messi/camera_ar_marker/src' returned '0': PYTHONPATH=/home/messi/camera_ar_marker/build/camera_ar_marker/prefix_override:/usr/lib/python3/dist-packages/colcon_core/task/python/colcon_distutils_commands:/home/messi/camera_ar_marker/install/camera_ar_marker/lib/python3.10/site-packages:${PYTHONPATH} /usr/bin/python3 -W ignore:setup.py install is deprecated setup.py egg_info --egg-base ../build/camera_ar_marker build --build-base /home/messi/camera_ar_marker/build/camera_ar_marker/build install --record /home/messi/camera_ar_marker/build/camera_ar_marker/install.log --single-version-externally-managed install_data
