[0.752s] Invoking command in '/home/messi/camera_ar_marker/src': PYTHONPATH=/home/messi/camera_ar_marker/build/camera_ar_marker/prefix_override:/usr/lib/python3/dist-packages/colcon_core/task/python/colcon_distutils_commands:/home/messi/camera_ar_marker/install/camera_ar_marker/lib/python3.10/site-packages:${PYTHONPATH} /usr/bin/python3 -W ignore:setup.py install is deprecated setup.py egg_info --egg-base ../build/camera_ar_marker build --build-base /home/messi/camera_ar_marker/build/camera_ar_marker/build install --record /home/messi/camera_ar_marker/build/camera_ar_marker/install.log --single-version-externally-managed install_data
[1.009s] running egg_info
[1.010s] writing ../build/camera_ar_marker/camera_ar_marker.egg-info/PKG-INFO
[1.010s] writing dependency_links to ../build/camera_ar_marker/camera_ar_marker.egg-info/dependency_links.txt
[1.010s] writing entry points to ../build/camera_ar_marker/camera_ar_marker.egg-info/entry_points.txt
[1.010s] writing requirements to ../build/camera_ar_marker/camera_ar_marker.egg-info/requires.txt
[1.011s] writing top-level names to ../build/camera_ar_marker/camera_ar_marker.egg-info/top_level.txt
[1.013s] reading manifest file '../build/camera_ar_marker/camera_ar_marker.egg-info/SOURCES.txt'
[1.013s] writing manifest file '../build/camera_ar_marker/camera_ar_marker.egg-info/SOURCES.txt'
[1.014s] running build
[1.014s] running build_py
[1.014s] copying camera_ar_marker/rotate_robot.py -> /home/messi/camera_ar_marker/build/camera_ar_marker/build/lib/camera_ar_marker
[1.015s] running install
[1.015s] running install_lib
[1.017s] copying /home/messi/camera_ar_marker/build/camera_ar_marker/build/lib/camera_ar_marker/rotate_robot.py -> /home/messi/camera_ar_marker/install/camera_ar_marker/lib/python3.10/site-packages/camera_ar_marker
[1.018s] byte-compiling /home/messi/camera_ar_marker/install/camera_ar_marker/lib/python3.10/site-packages/camera_ar_marker/rotate_robot.py to rotate_robot.cpython-310.pyc
[1.020s] running install_data
[1.021s] running install_egg_info
[1.023s] removing '/home/messi/camera_ar_marker/install/camera_ar_marker/lib/python3.10/site-packages/camera_ar_marker-0.0.0-py3.10.egg-info' (and everything under it)
[1.024s] Copying ../build/camera_ar_marker/camera_ar_marker.egg-info to /home/messi/camera_ar_marker/install/camera_ar_marker/lib/python3.10/site-packages/camera_ar_marker-0.0.0-py3.10.egg-info
[1.025s] running install_scripts
[1.049s] Installing ar_marker_subscriber script to /home/messi/camera_ar_marker/install/camera_ar_marker/lib/camera_ar_marker
[1.050s] Installing ar_marker_subscriber_executor script to /home/messi/camera_ar_marker/install/camera_ar_marker/lib/camera_ar_marker
[1.050s] Installing ar_marker_test script to /home/messi/camera_ar_marker/install/camera_ar_marker/lib/camera_ar_marker
[1.050s] Installing camera_fps script to /home/messi/camera_ar_marker/install/camera_ar_marker/lib/camera_ar_marker
[1.050s] Installing camera_publisher script to /home/messi/camera_ar_marker/install/camera_ar_marker/lib/camera_ar_marker
[1.050s] Installing cheese script to /home/messi/camera_ar_marker/install/camera_ar_marker/lib/camera_ar_marker
[1.050s] Installing cmd_vel_controller script to /home/messi/camera_ar_marker/install/camera_ar_marker/lib/camera_ar_marker
[1.051s] Installing cmd_vel_listener script to /home/messi/camera_ar_marker/install/camera_ar_marker/lib/camera_ar_marker
[1.051s] Installing compressed_fps script to /home/messi/camera_ar_marker/install/camera_ar_marker/lib/camera_ar_marker
[1.051s] Installing depthpoint_subscriber script to /home/messi/camera_ar_marker/install/camera_ar_marker/lib/camera_ar_marker
[1.051s] Installing rotate_robot script to /home/messi/camera_ar_marker/install/camera_ar_marker/lib/camera_ar_marker
[1.051s] Installing rotate_robot_test script to /home/messi/camera_ar_marker/install/camera_ar_marker/lib/camera_ar_marker
[1.051s] Installing turtlesim_rotate script to /home/messi/camera_ar_marker/install/camera_ar_marker/lib/camera_ar_marker
[1.051s] writing list of installed files to '/home/messi/camera_ar_marker/build/camera_ar_marker/install.log'
[1.075s] Invoked command in '/home/messi/camera_ar_marker/src' returned '0': PYTHONPATH=/home/messi/camera_ar_marker/build/camera_ar_marker/prefix_override:/usr/lib/python3/dist-packages/colcon_core/task/python/colcon_distutils_commands:/home/messi/camera_ar_marker/install/camera_ar_marker/lib/python3.10/site-packages:${PYTHONPATH} /usr/bin/python3 -W ignore:setup.py install is deprecated setup.py egg_info --egg-base ../build/camera_ar_marker build --build-base /home/messi/camera_ar_marker/build/camera_ar_marker/build install --record /home/messi/camera_ar_marker/build/camera_ar_marker/install.log --single-version-externally-managed install_data
