[0.511s] Invoking command in '/home/messi/camera_ar_marker/src': PYTHONPATH=/home/messi/camera_ar_marker/build/camera_ar_marker/prefix_override:/usr/lib/python3/dist-packages/colcon_core/task/python/colcon_distutils_commands:/home/messi/camera_ar_marker/install/camera_ar_marker/lib/python3.10/site-packages:${PYTHONPATH} /usr/bin/python3 -W ignore:setup.py install is deprecated setup.py egg_info --egg-base ../build/camera_ar_marker build --build-base /home/messi/camera_ar_marker/build/camera_ar_marker/build install --record /home/messi/camera_ar_marker/build/camera_ar_marker/install.log --single-version-externally-managed install_data
[0.698s] running egg_info
[0.698s] writing ../build/camera_ar_marker/camera_ar_marker.egg-info/PKG-INFO
[0.698s] writing dependency_links to ../build/camera_ar_marker/camera_ar_marker.egg-info/dependency_links.txt
[0.699s] writing entry points to ../build/camera_ar_marker/camera_ar_marker.egg-info/entry_points.txt
[0.699s] writing requirements to ../build/camera_ar_marker/camera_ar_marker.egg-info/requires.txt
[0.699s] writing top-level names to ../build/camera_ar_marker/camera_ar_marker.egg-info/top_level.txt
[0.700s] reading manifest file '../build/camera_ar_marker/camera_ar_marker.egg-info/SOURCES.txt'
[0.701s] writing manifest file '../build/camera_ar_marker/camera_ar_marker.egg-info/SOURCES.txt'
[0.701s] running build
[0.701s] running build_py
[0.701s] copying camera_ar_marker/ar_marker_test.py -> /home/messi/camera_ar_marker/build/camera_ar_marker/build/lib/camera_ar_marker
[0.702s] running install
[0.702s] running install_lib
[0.703s] copying /home/messi/camera_ar_marker/build/camera_ar_marker/build/lib/camera_ar_marker/ar_marker_test.py -> /home/messi/camera_ar_marker/install/camera_ar_marker/lib/python3.10/site-packages/camera_ar_marker
[0.704s] byte-compiling /home/messi/camera_ar_marker/install/camera_ar_marker/lib/python3.10/site-packages/camera_ar_marker/ar_marker_test.py to ar_marker_test.cpython-310.pyc
[0.704s]   File "/home/messi/camera_ar_marker/install/camera_ar_marker/lib/python3.10/site-packages/camera_ar_marker/ar_marker_test.py", line 48
[0.704s]     if marker_ids[i][0] == 4 or marker_ids[i][0] == 3 marker_ids[i][0] == 2:  # 특정 마커 ID를 확인 (예: ID 4)
[0.704s]                                                       ^^^^^^^^^^
[0.704s] SyntaxError: invalid syntax
[0.704s] 
[0.704s] running install_data
[0.704s] running install_egg_info
[0.705s] removing '/home/messi/camera_ar_marker/install/camera_ar_marker/lib/python3.10/site-packages/camera_ar_marker-0.0.0-py3.10.egg-info' (and everything under it)
[0.706s] Copying ../build/camera_ar_marker/camera_ar_marker.egg-info to /home/messi/camera_ar_marker/install/camera_ar_marker/lib/python3.10/site-packages/camera_ar_marker-0.0.0-py3.10.egg-info
[0.706s] running install_scripts
[0.721s] Installing ar_marker_subscriber script to /home/messi/camera_ar_marker/install/camera_ar_marker/lib/camera_ar_marker
[0.721s] Installing ar_marker_subscriber_executor script to /home/messi/camera_ar_marker/install/camera_ar_marker/lib/camera_ar_marker
[0.721s] Installing ar_marker_test script to /home/messi/camera_ar_marker/install/camera_ar_marker/lib/camera_ar_marker
[0.721s] Installing camera_fps script to /home/messi/camera_ar_marker/install/camera_ar_marker/lib/camera_ar_marker
[0.721s] Installing camera_publisher script to /home/messi/camera_ar_marker/install/camera_ar_marker/lib/camera_ar_marker
[0.722s] Installing cheese script to /home/messi/camera_ar_marker/install/camera_ar_marker/lib/camera_ar_marker
[0.722s] Installing cmd_vel_controller script to /home/messi/camera_ar_marker/install/camera_ar_marker/lib/camera_ar_marker
[0.722s] Installing cmd_vel_listener script to /home/messi/camera_ar_marker/install/camera_ar_marker/lib/camera_ar_marker
[0.722s] Installing compressed_fps script to /home/messi/camera_ar_marker/install/camera_ar_marker/lib/camera_ar_marker
[0.722s] Installing depthpoint_subscriber script to /home/messi/camera_ar_marker/install/camera_ar_marker/lib/camera_ar_marker
[0.722s] Installing rotate_robot script to /home/messi/camera_ar_marker/install/camera_ar_marker/lib/camera_ar_marker
[0.722s] Installing rotate_robot_test script to /home/messi/camera_ar_marker/install/camera_ar_marker/lib/camera_ar_marker
[0.722s] Installing turtlesim_rotate script to /home/messi/camera_ar_marker/install/camera_ar_marker/lib/camera_ar_marker
[0.722s] writing list of installed files to '/home/messi/camera_ar_marker/build/camera_ar_marker/install.log'
[0.745s] Invoked command in '/home/messi/camera_ar_marker/src' returned '0': PYTHONPATH=/home/messi/camera_ar_marker/build/camera_ar_marker/prefix_override:/usr/lib/python3/dist-packages/colcon_core/task/python/colcon_distutils_commands:/home/messi/camera_ar_marker/install/camera_ar_marker/lib/python3.10/site-packages:${PYTHONPATH} /usr/bin/python3 -W ignore:setup.py install is deprecated setup.py egg_info --egg-base ../build/camera_ar_marker build --build-base /home/messi/camera_ar_marker/build/camera_ar_marker/build install --record /home/messi/camera_ar_marker/build/camera_ar_marker/install.log --single-version-externally-managed install_data
